[21:36:33] [ServerMain/INFO]: [bootstrap] Running Java 25 (OpenJDK 64-Bit Server VM 25.0.3+9-2-22.04.2-Ubuntu; Ubuntu null) on Linux 6.6.87.2-microsoft-standard-WSL2 (amd64)
[21:36:33] [ServerMain/INFO]: [bootstrap] Loading Paper 26.1.2-69-main@76d2ac7 (2026-06-03T17:32:02Z) for Minecraft 26.1.2
[21:36:36] [ServerMain/INFO]: [PluginInitializerManager] Initializing plugins...
[21:36:41] [ServerMain/INFO]: [PluginInitializerManager] Initialized 1 plugin
[21:36:41] [ServerMain/INFO]: [PluginInitializerManager] Bukkit plugins (1):
 - SetHome (6.2)
[21:37:05] [ServerMain/INFO]: Environment: Environment[sessionHost=https://sessionserver.mojang.com, servicesHost=https://api.minecraftservices.com, profilesHost=https://api.mojang.com, name=PROD]
[21:37:18] [ServerMain/INFO]: Loaded 1515 recipes
[21:37:18] [ServerMain/INFO]: Loaded 1617 advancements
[21:37:18] [ServerMain/INFO]: [ca.spottedleaf.dataconverter.minecraft.datatypes.MCTypeRegistry] Initialising converters for DataConverter...
[21:37:19] [ServerMain/INFO]: [ca.spottedleaf.dataconverter.minecraft.datatypes.MCTypeRegistry] Finished initialising converters for DataConverter in 1,001.9ms
[21:37:20] [Server thread/INFO]: Starting minecraft server version 26.1.2
[21:37:20] [Server thread/INFO]: Loading properties
[21:37:20] [Server thread/INFO]: This server is running Paper version 26.1.2-69-main@76d2ac7 (2026-06-03T17:32:02Z) (Implementing API version 26.1.2.build.69-stable)
[21:37:20] [Server thread/INFO]: [spark] This server bundles the spark profiler. For more information please visit https://docs.papermc.io/paper/profiling
[21:37:21] [Server thread/INFO]: Server Ping Player Sample Count: 12
[21:37:21] [Server thread/INFO]: Using 4 threads for Netty based IO
[21:37:22] [Server thread/INFO]: [MoonriseCommon] Paper is using 3 worker threads, 1 I/O threads
[21:37:23] [Server thread/INFO]: Default game type: SURVIVAL
[21:37:23] [Server thread/INFO]: Generating keypair
[21:37:23] [Server thread/INFO]: Starting Minecraft server on *:25566
[21:37:23] [Server thread/INFO]: Paper: Using libdeflate (Linux x86_64) compression from Velocity.
[21:37:23] [Server thread/INFO]: Paper: Using OpenSSL 3.x.x (Linux x86_64) cipher from Velocity.
[21:37:24] [Server thread/INFO]: [SetHome] Loading server plugin SetHome v6.2
[21:37:24] [Server thread/INFO]: Server permissions file permissions.yml is empty, ignoring it
[21:37:24] [Server thread/INFO]: Preparing level "world"
[21:37:26] [Server thread/INFO]: Loading 0 persistent chunks for level 'minecraft:overworld'...
[21:37:26] [Server thread/INFO]: Preparing spawn area: 100%
[21:37:26] [Server thread/INFO]: Prepared spawn area in 2 ms
[21:37:26] [Server thread/INFO]: Loading 0 persistent chunks for level 'minecraft:the_nether'...
[21:37:26] [Server thread/INFO]: Prepared spawn area in 0 ms
[21:37:26] [Server thread/INFO]: Loading 0 persistent chunks for level 'minecraft:the_end'...
[21:37:26] [Server thread/INFO]: Prepared spawn area in 0 ms
[21:37:26] [Server thread/INFO]: Done preparing level "world" (2.162s)
[21:37:26] [Server thread/INFO]: [SetHome] Enabling SetHome v6.2
[21:37:27] [Server thread/INFO]: [spark] Starting background profiler...
[21:37:27] [Server thread/INFO]: Saving chunks for level 'ServerLevel[world]'/minecraft:overworld
[21:37:27] [Server thread/INFO]: Saving chunks for level 'ServerLevel[world]'/minecraft:the_nether
[21:37:27] [Server thread/INFO]: Saving chunks for level 'ServerLevel[world]'/minecraft:the_end
[21:37:27] [Server thread/INFO]: ThreadedAnvilChunkStorage (world): All chunks are saved
[21:37:27] [Server thread/INFO]: ThreadedAnvilChunkStorage (DIM-1): All chunks are saved
[21:37:27] [Server thread/INFO]: ThreadedAnvilChunkStorage (DIM1): All chunks are saved
[21:37:27] [Server thread/INFO]: ThreadedAnvilChunkStorage: All dimensions are saved
[21:37:27] [Server thread/INFO]: Running delayed init tasks
[21:37:27] [Server thread/INFO]: Done (71.164s)! For help, type "help"
[21:37:28] [Paper Async Task Handler Thread - 1/INFO]: *** Currently you are 3 build(s) behind ***
[21:37:28] [Paper Async Task Handler Thread - 1/INFO]: *** It is highly recommended to download the latest build from https://papermc.io/downloads/paper ***
[21:46:43] [Server thread/INFO]: Saving the game (this may take a moment!)
[21:46:43] [Server thread/INFO]: Saved the game
[21:46:44] [Server thread/INFO]: Stopping the server
[21:46:45] [Server thread/INFO]: Stopping server
[21:46:45] [Server thread/INFO]: [SetHome] Disabling SetHome v6.2
[21:46:45] [Server thread/INFO]: Saving players
[21:46:45] [Server thread/INFO]: Saving worlds
[21:46:45] [Server thread/INFO]: Saving chunks for level 'ServerLevel[world]'/minecraft:overworld
[21:46:45] [Server thread/INFO]: [ChunkHolderManager] Waiting 60s for chunk system to halt for world 'minecraft:overworld'
[21:46:45] [Server thread/INFO]: [ChunkHolderManager] Halted chunk system for world 'minecraft:overworld'
[21:46:45] [Server thread/INFO]: [ChunkHolderManager] Saving all chunkholders for world 'minecraft:overworld'
[21:46:45] [Server thread/INFO]: [ChunkHolderManager] Saved 0 block chunks, 0 entity chunks, 0 poi chunks in world 'minecraft:overworld' in 0.00s
[21:46:45] [Server thread/INFO]: [ChunkHolderManager] Waiting 60s for chunk I/O to halt for world 'minecraft:overworld'
[21:46:45] [Server thread/INFO]: [ChunkHolderManager] Halted I/O scheduler for world 'minecraft:overworld'
[21:46:45] [Server thread/INFO]: Saving chunks for level 'ServerLevel[world]'/minecraft:the_nether
[21:46:45] [Server thread/INFO]: [ChunkHolderManager] Waiting 60s for chunk system to halt for world 'minecraft:the_nether'
[21:46:45] [Server thread/INFO]: [ChunkHolderManager] Halted chunk system for world 'minecraft:the_nether'
[21:46:45] [Server thread/INFO]: [ChunkHolderManager] Saving all chunkholders for world 'minecraft:the_nether'
[21:46:45] [Server thread/INFO]: [ChunkHolderManager] Saved 0 block chunks, 0 entity chunks, 0 poi chunks in world 'minecraft:the_nether' in 0.00s
[21:46:45] [Server thread/INFO]: [ChunkHolderManager] Waiting 60s for chunk I/O to halt for world 'minecraft:the_nether'
[21:46:45] [Server thread/INFO]: [ChunkHolderManager] Halted I/O scheduler for world 'minecraft:the_nether'
[21:46:45] [Server thread/INFO]: Saving chunks for level 'ServerLevel[world]'/minecraft:the_end
[21:46:45] [Server thread/INFO]: [ChunkHolderManager] Waiting 60s for chunk system to halt for world 'minecraft:the_end'
[21:46:45] [Server thread/INFO]: [ChunkHolderManager] Halted chunk system for world 'minecraft:the_end'
[21:46:45] [Server thread/INFO]: [ChunkHolderManager] Saving all chunkholders for world 'minecraft:the_end'
[21:46:45] [Server thread/INFO]: [ChunkHolderManager] Saved 0 block chunks, 0 entity chunks, 0 poi chunks in world 'minecraft:the_end' in 0.00s
[21:46:45] [Server thread/INFO]: [ChunkHolderManager] Waiting 60s for chunk I/O to halt for world 'minecraft:the_end'
[21:46:45] [Server thread/INFO]: [ChunkHolderManager] Halted I/O scheduler for world 'minecraft:the_end'
[21:46:45] [Server thread/INFO]: ThreadedAnvilChunkStorage (world): All chunks are saved
[21:46:45] [Server thread/INFO]: ThreadedAnvilChunkStorage (DIM-1): All chunks are saved
[21:46:45] [Server thread/INFO]: ThreadedAnvilChunkStorage (DIM1): All chunks are saved
[21:46:45] [Server thread/INFO]: ThreadedAnvilChunkStorage: All dimensions are saved
[21:46:45] [Server thread/INFO]: Waiting for all RegionFile I/O tasks to complete...
[21:46:45] [Server thread/INFO]: All RegionFile I/O tasks to complete
[21:46:45] [Server thread/INFO]: [MoonriseCommon] Awaiting termination of worker pool for up to 60s...
[21:46:45] [Server thread/INFO]: [MoonriseCommon] Awaiting termination of I/O pool for up to 60s...
